c:\users\fabian\source\repos\matediscreta\matediscreta\x64\debug\matediscreta.pch
c:\users\fabian\source\repos\matediscreta\matediscreta\x64\debug\vc143.pdb
c:\users\fabian\source\repos\matediscreta\matediscreta\x64\debug\pch.obj
c:\users\fabian\source\repos\matediscreta\matediscreta\x64\debug\assemblyinfo.obj
c:\users\fabian\source\repos\matediscreta\matediscreta\x64\debug\.netframework,version=v4.7.2.assemblyattributes.obj
c:\users\fabian\source\repos\matediscreta\matediscreta\x64\debug\matediscreta.obj
c:\users\fabian\source\repos\matediscreta\x64\debug\matediscreta.exe
c:\users\fabian\source\repos\matediscreta\x64\debug\matediscreta.pdb
c:\users\fabian\source\repos\matediscreta\matediscreta\x64\debug\app.res
c:\users\fabian\source\repos\matediscreta\matediscreta\x64\debug\matediscreta.tlog\cl.command.1.tlog
c:\users\fabian\source\repos\matediscreta\matediscreta\x64\debug\matediscreta.tlog\cl.items.tlog
c:\users\fabian\source\repos\matediscreta\matediscreta\x64\debug\matediscreta.tlog\cl.read.1.tlog
c:\users\fabian\source\repos\matediscreta\matediscreta\x64\debug\matediscreta.tlog\cl.write.1.tlog
c:\users\fabian\source\repos\matediscreta\matediscreta\x64\debug\matediscreta.tlog\link.command.1.tlog
c:\users\fabian\source\repos\matediscreta\matediscreta\x64\debug\matediscreta.tlog\link.read.1.tlog
c:\users\fabian\source\repos\matediscreta\matediscreta\x64\debug\matediscreta.tlog\link.write.1.tlog
c:\users\fabian\source\repos\matediscreta\matediscreta\x64\debug\matediscreta.tlog\metagen.read.1.tlog
c:\users\fabian\source\repos\matediscreta\matediscreta\x64\debug\matediscreta.tlog\metagen.write.1.tlog
c:\users\fabian\source\repos\matediscreta\matediscreta\x64\debug\matediscreta.tlog\rc.command.1.tlog
c:\users\fabian\source\repos\matediscreta\matediscreta\x64\debug\matediscreta.tlog\rc.read.1.tlog
c:\users\fabian\source\repos\matediscreta\matediscreta\x64\debug\matediscreta.tlog\rc.write.1.tlog
