  MATEDISCRETA.cpp
C:\Users\FABIAN\source\repos\MATEDISCRETA\MATEDISCRETA\MATEDISCRETA.cpp(192,21): warning C4996: '_sleep': This function or variable has been superceded by newer library or operating system functionality. Consider using Sleep instead. See online help for details.
C:\Users\FABIAN\source\repos\MATEDISCRETA\MATEDISCRETA\MATEDISCRETA.cpp(100,10): warning C4101: 'eleccion': variable local sin referencia
C:\Users\FABIAN\source\repos\MATEDISCRETA\MATEDISCRETA\MATEDISCRETA.cpp(98,10): warning C4101: 'el': variable local sin referencia
C:\Users\FABIAN\source\repos\MATEDISCRETA\MATEDISCRETA\MATEDISCRETA.cpp(304,55): warning C4996: '_sleep': This function or variable has been superceded by newer library or operating system functionality. Consider using Sleep instead. See online help for details.
C:\Users\FABIAN\source\repos\MATEDISCRETA\MATEDISCRETA\MATEDISCRETA.cpp(305,56): warning C4996: '_sleep': This function or variable has been superceded by newer library or operating system functionality. Consider using Sleep instead. See online help for details.
C:\Users\FABIAN\source\repos\MATEDISCRETA\MATEDISCRETA\MATEDISCRETA.cpp(306,57): warning C4996: '_sleep': This function or variable has been superceded by newer library or operating system functionality. Consider using Sleep instead. See online help for details.
C:\Users\FABIAN\source\repos\MATEDISCRETA\MATEDISCRETA\MATEDISCRETA.cpp(308,107): warning C4996: '_sleep': This function or variable has been superceded by newer library or operating system functionality. Consider using Sleep instead. See online help for details.
C:\Users\FABIAN\source\repos\MATEDISCRETA\MATEDISCRETA\MATEDISCRETA.cpp(309,112): warning C4996: '_sleep': This function or variable has been superceded by newer library or operating system functionality. Consider using Sleep instead. See online help for details.
C:\Users\FABIAN\source\repos\MATEDISCRETA\MATEDISCRETA\MATEDISCRETA.cpp(310,116): warning C4996: '_sleep': This function or variable has been superceded by newer library or operating system functionality. Consider using Sleep instead. See online help for details.
C:\Users\FABIAN\source\repos\MATEDISCRETA\MATEDISCRETA\MATEDISCRETA.cpp(311,120): warning C4996: '_sleep': This function or variable has been superceded by newer library or operating system functionality. Consider using Sleep instead. See online help for details.
C:\Users\FABIAN\source\repos\MATEDISCRETA\MATEDISCRETA\MATEDISCRETA.cpp(312,123): warning C4996: '_sleep': This function or variable has been superceded by newer library or operating system functionality. Consider using Sleep instead. See online help for details.
C:\Users\FABIAN\source\repos\MATEDISCRETA\MATEDISCRETA\MATEDISCRETA.cpp(313,125): warning C4996: '_sleep': This function or variable has been superceded by newer library or operating system functionality. Consider using Sleep instead. See online help for details.
C:\Users\FABIAN\source\repos\MATEDISCRETA\MATEDISCRETA\MATEDISCRETA.cpp(314,127): warning C4996: '_sleep': This function or variable has been superceded by newer library or operating system functionality. Consider using Sleep instead. See online help for details.
C:\Users\FABIAN\source\repos\MATEDISCRETA\MATEDISCRETA\MATEDISCRETA.cpp(315,130): warning C4996: '_sleep': This function or variable has been superceded by newer library or operating system functionality. Consider using Sleep instead. See online help for details.
C:\Users\FABIAN\source\repos\MATEDISCRETA\MATEDISCRETA\MATEDISCRETA.cpp(316,131): warning C4996: '_sleep': This function or variable has been superceded by newer library or operating system functionality. Consider using Sleep instead. See online help for details.
C:\Users\FABIAN\source\repos\MATEDISCRETA\MATEDISCRETA\MATEDISCRETA.cpp(317,132): warning C4996: '_sleep': This function or variable has been superceded by newer library or operating system functionality. Consider using Sleep instead. See online help for details.
C:\Users\FABIAN\source\repos\MATEDISCRETA\MATEDISCRETA\MATEDISCRETA.cpp(318,133): warning C4996: '_sleep': This function or variable has been superceded by newer library or operating system functionality. Consider using Sleep instead. See online help for details.
C:\Users\FABIAN\source\repos\MATEDISCRETA\MATEDISCRETA\MATEDISCRETA.cpp(319,134): warning C4996: '_sleep': This function or variable has been superceded by newer library or operating system functionality. Consider using Sleep instead. See online help for details.
C:\Users\FABIAN\source\repos\MATEDISCRETA\MATEDISCRETA\MATEDISCRETA.cpp(320,134): warning C4996: '_sleep': This function or variable has been superceded by newer library or operating system functionality. Consider using Sleep instead. See online help for details.
C:\Users\FABIAN\source\repos\MATEDISCRETA\MATEDISCRETA\MATEDISCRETA.cpp(321,134): warning C4996: '_sleep': This function or variable has been superceded by newer library or operating system functionality. Consider using Sleep instead. See online help for details.
C:\Users\FABIAN\source\repos\MATEDISCRETA\MATEDISCRETA\MATEDISCRETA.cpp(322,134): warning C4996: '_sleep': This function or variable has been superceded by newer library or operating system functionality. Consider using Sleep instead. See online help for details.
C:\Users\FABIAN\source\repos\MATEDISCRETA\MATEDISCRETA\MATEDISCRETA.cpp(323,134): warning C4996: '_sleep': This function or variable has been superceded by newer library or operating system functionality. Consider using Sleep instead. See online help for details.
C:\Users\FABIAN\source\repos\MATEDISCRETA\MATEDISCRETA\MATEDISCRETA.cpp(324,133): warning C4996: '_sleep': This function or variable has been superceded by newer library or operating system functionality. Consider using Sleep instead. See online help for details.
C:\Users\FABIAN\source\repos\MATEDISCRETA\MATEDISCRETA\MATEDISCRETA.cpp(325,132): warning C4996: '_sleep': This function or variable has been superceded by newer library or operating system functionality. Consider using Sleep instead. See online help for details.
C:\Users\FABIAN\source\repos\MATEDISCRETA\MATEDISCRETA\MATEDISCRETA.cpp(326,131): warning C4996: '_sleep': This function or variable has been superceded by newer library or operating system functionality. Consider using Sleep instead. See online help for details.
C:\Users\FABIAN\source\repos\MATEDISCRETA\MATEDISCRETA\MATEDISCRETA.cpp(327,130): warning C4996: '_sleep': This function or variable has been superceded by newer library or operating system functionality. Consider using Sleep instead. See online help for details.
C:\Users\FABIAN\source\repos\MATEDISCRETA\MATEDISCRETA\MATEDISCRETA.cpp(328,129): warning C4996: '_sleep': This function or variable has been superceded by newer library or operating system functionality. Consider using Sleep instead. See online help for details.
C:\Users\FABIAN\source\repos\MATEDISCRETA\MATEDISCRETA\MATEDISCRETA.cpp(329,127): warning C4996: '_sleep': This function or variable has been superceded by newer library or operating system functionality. Consider using Sleep instead. See online help for details.
C:\Users\FABIAN\source\repos\MATEDISCRETA\MATEDISCRETA\MATEDISCRETA.cpp(330,125): warning C4996: '_sleep': This function or variable has been superceded by newer library or operating system functionality. Consider using Sleep instead. See online help for details.
C:\Users\FABIAN\source\repos\MATEDISCRETA\MATEDISCRETA\MATEDISCRETA.cpp(331,123): warning C4996: '_sleep': This function or variable has been superceded by newer library or operating system functionality. Consider using Sleep instead. See online help for details.
C:\Users\FABIAN\source\repos\MATEDISCRETA\MATEDISCRETA\MATEDISCRETA.cpp(332,120): warning C4996: '_sleep': This function or variable has been superceded by newer library or operating system functionality. Consider using Sleep instead. See online help for details.
C:\Users\FABIAN\source\repos\MATEDISCRETA\MATEDISCRETA\MATEDISCRETA.cpp(333,117): warning C4996: '_sleep': This function or variable has been superceded by newer library or operating system functionality. Consider using Sleep instead. See online help for details.
C:\Users\FABIAN\source\repos\MATEDISCRETA\MATEDISCRETA\MATEDISCRETA.cpp(334,114): warning C4996: '_sleep': This function or variable has been superceded by newer library or operating system functionality. Consider using Sleep instead. See online help for details.
C:\Users\FABIAN\source\repos\MATEDISCRETA\MATEDISCRETA\MATEDISCRETA.cpp(335,107): warning C4996: '_sleep': This function or variable has been superceded by newer library or operating system functionality. Consider using Sleep instead. See online help for details.
C:\Users\FABIAN\source\repos\MATEDISCRETA\MATEDISCRETA\MATEDISCRETA.cpp(336,5): warning C4996: '_sleep': This function or variable has been superceded by newer library or operating system functionality. Consider using Sleep instead. See online help for details.
C:\Users\FABIAN\source\repos\MATEDISCRETA\MATEDISCRETA\MATEDISCRETA.cpp(347,5): warning C4996: '_sleep': This function or variable has been superceded by newer library or operating system functionality. Consider using Sleep instead. See online help for details.
C:\Users\FABIAN\source\repos\MATEDISCRETA\MATEDISCRETA\MATEDISCRETA.cpp(353,9): warning C4996: '_sleep': This function or variable has been superceded by newer library or operating system functionality. Consider using Sleep instead. See online help for details.
C:\Users\FABIAN\source\repos\MATEDISCRETA\MATEDISCRETA\MATEDISCRETA.cpp(355,5): warning C4996: '_sleep': This function or variable has been superceded by newer library or operating system functionality. Consider using Sleep instead. See online help for details.
  AssemblyInfo.obj : se encontró un módulo MSIL; vinculación incremental deshabilitada para MSIL; ejecutando vínculo completo
  MATEDISCRETA.vcxproj -> C:\Users\FABIAN\source\repos\MATEDISCRETA\x64\Debug\MATEDISCRETA.exe
